[Info] [2025-5-2 13:35:00] /***************************Start Configuration***************************/
[Info] [2025-5-2 13:35:00] Path: D:/pango/PDS_2022.2-SP6.4/bin
[Info] [2025-5-2 13:35:00] Version: 146967
[Info] [2025-5-2 13:35:01] Current Path: D:/Downloads/pg2l200/2_Demo/3_9_HDMI_IN_DDR3_sobel/3_9_HDMI_IN_DDR3_sobel/HDMI_IN_DDR3_sobel
[Info] [2025-5-2 13:35:01] PDS Dir Path: D:/Downloads/pg2l200/2_Demo/3_9_HDMI_IN_DDR3_sobel/3_9_HDMI_IN_DDR3_sobel/HDMI_IN_DDR3_sobel
[Info] [2025-5-2 13:35:05] Configuration is not connect with server. connect first then scan chain.
[Debug] [2025-5-2 13:35:05] Client Local host name:PC-20200227DQAD
[Debug] [2025-5-2 13:35:05] Client Local Address:192.168.3.78
[Debug] [2025-5-2 13:35:05] Server Address:127.0.0.1, Port:65420
[Debug] [2025-5-2 13:35:05] Log::Print : Connecting to server[127.0.0.1 : 65420].
[Info] [2025-5-2 13:35:06] Connect OK, Server: 127.0.0.1  Port: 65420
[Debug] [2025-5-2 13:35:06] Finish.
[Info] [2025-5-2 13:35:06] Connect server succeeded
[Debug] [2025-5-2 13:35:06] Send RPC:1
[Debug] [2025-5-2 13:35:06] Send cmd [check version information:40004] OK
[Debug] [2025-5-2 13:35:06] Log::Print : Connect to server[127.0.0.1 : 65420] successfully.
[Debug] [2025-5-2 13:35:06] Send RPC:2
[Debug] [2025-5-2 13:35:06] Send cmd [get_cable_paras:40010] OK
[Debug] [2025-5-2 13:35:06] Begin to send initialize chain cmd...
[Debug] [2025-5-2 13:35:06] Send RPC:3
[Debug] [2025-5-2 13:35:06] Send cmd [Open config cable:20001] OK
[Debug] [2025-5-2 13:35:06] End to send initialize chain cmd.
[Debug] [2025-5-2 13:35:06] COMMAND[check version information] execute successfully, takes 0.5 secs.
[Debug] [2025-5-2 13:35:06] Log::Print : COMMAND[check version information] execute successfully, takes 0.5 secs.
[Debug] [2025-5-2 13:35:07] COMMAND[get_cable_paras] execute successfully, takes 1.0 secs.
[Debug] [2025-5-2 13:35:07] Log::Print : The cable List : 
Cable index 0:USB Cable II/fffffffffffffffe 

[Debug] [2025-5-2 13:35:07] Log::Print : COMMAND[get_cable_paras] execute successfully, takes 1.0 secs.
[Debug] [2025-5-2 13:35:08] begin the exec of open cable cmd...
[Debug] [2025-5-2 13:35:08] Begin to deal with chain from server...
[Debug] [2025-5-2 13:35:08] Begin to set user chain...
[Debug] [2025-5-2 13:35:08] End to set user chain.
[Debug] [2025-5-2 13:35:08] Begin to update graphic item and tree item ...
[Debug] [2025-5-2 13:35:08] End to update graphic item and tree item ...
[Debug] [2025-5-2 13:35:08] Log::Print : PANGO USB CABLE II cable driver: D2XX DLL
[Debug] [2025-5-2 13:35:08] Log::Print : PG2L200H
[Debug] [2025-5-2 13:35:08] Log::Print : This device configure situation (done bit): 1
[Info] [2025-5-2 13:35:10] set OpenLastPath: D:/Downloads/pg2l200/2_Demo/3_9_HDMI_IN_DDR3_sobel/3_9_HDMI_IN_DDR3_sobel/HDMI_IN_DDR3_sobel/generate_bitstream/HDMI_IN_DDR3_sobel_top.sbit
[Debug] [2025-5-2 13:35:10] begin to get device info from CFG file...
[Debug] [2025-5-2 13:35:10] end to get device info from CFG file...
[Debug] [2025-5-2 13:35:10] Begin to update graphic item and tree item ...
[Debug] [2025-5-2 13:35:10] End to update graphic item and tree item ...
[Debug] [2025-5-2 13:35:10] Begin to update graphic item and tree item ...
[Debug] [2025-5-2 13:35:10] End to update graphic item and tree item ...
[Debug] [2025-5-2 13:35:10] End to deal wiht chain from server.
[Debug] [2025-5-2 13:35:10] end the exec of open cable cmd.
[Debug] [2025-5-2 13:35:10] COMMAND[Open config cable] execute successfully, takes 3.6 secs.
[Debug] [2025-5-2 13:35:10] Log::Print : COMMAND[Open config cable] execute successfully, takes 3.6 secs.
[Debug] [2025-5-2 13:35:11] Begin to send programming cmd...
[Debug] [2025-5-2 13:35:11] Send RPC:4
[Debug] [2025-5-2 13:35:11] Begin to send program data.
[Debug] [2025-5-2 13:35:11] End to send program data.
[Debug] [2025-5-2 13:35:11] Send cmd [Program:20002] OK
[Debug] [2025-5-2 13:35:12] The value of Progress is 6
[Debug] [2025-5-2 13:35:13] The value of Progress is 10
[Debug] [2025-5-2 13:35:13] The value of Progress is 15
[Debug] [2025-5-2 13:35:13] The value of Progress is 20
[Debug] [2025-5-2 13:35:14] The value of Progress is 25
[Debug] [2025-5-2 13:35:14] The value of Progress is 30
[Debug] [2025-5-2 13:35:15] The value of Progress is 35
[Debug] [2025-5-2 13:35:15] The value of Progress is 40
[Debug] [2025-5-2 13:35:15] The value of Progress is 45
[Debug] [2025-5-2 13:35:16] The value of Progress is 50
[Debug] [2025-5-2 13:35:16] The value of Progress is 55
[Debug] [2025-5-2 13:35:16] The value of Progress is 60
[Debug] [2025-5-2 13:35:17] The value of Progress is 65
[Debug] [2025-5-2 13:35:17] The value of Progress is 70
[Debug] [2025-5-2 13:35:18] The value of Progress is 75
[Debug] [2025-5-2 13:35:18] The value of Progress is 80
[Debug] [2025-5-2 13:35:18] The value of Progress is 85
[Debug] [2025-5-2 13:35:19] The value of Progress is 90
[Debug] [2025-5-2 13:35:19] The value of Progress is 95
[Debug] [2025-5-2 13:35:19] The value of Progress is 100
[Debug] [2025-5-2 13:35:20] COMMAND[Program] execute successfully, takes 8.4 secs.
[Debug] [2025-5-2 13:35:20] End to send programming cmd.
[Debug] [2025-5-2 13:35:20] Log::Print : The done bit is 1
[Debug] [2025-5-2 13:35:20] Log::Print : COMMAND[Program] execute successfully, takes 8.4 secs.
[Debug] [2025-5-2 13:35:24] Begin to send programming cmd...
[Debug] [2025-5-2 13:35:24] Send RPC:5
[Debug] [2025-5-2 13:35:24] Begin to send program data.
[Debug] [2025-5-2 13:35:24] End to send program data.
[Debug] [2025-5-2 13:35:24] Send cmd [Program:20002] OK
[Debug] [2025-5-2 13:35:25] The value of Progress is 6
[Debug] [2025-5-2 13:35:25] The value of Progress is 10
[Debug] [2025-5-2 13:35:25] The value of Progress is 15
[Debug] [2025-5-2 13:35:26] The value of Progress is 20
[Debug] [2025-5-2 13:35:26] The value of Progress is 25
[Debug] [2025-5-2 13:35:26] The value of Progress is 30
[Debug] [2025-5-2 13:35:27] The value of Progress is 35
[Debug] [2025-5-2 13:35:27] The value of Progress is 40
[Debug] [2025-5-2 13:35:28] The value of Progress is 45
[Debug] [2025-5-2 13:35:28] The value of Progress is 50
[Debug] [2025-5-2 13:35:28] The value of Progress is 55
[Debug] [2025-5-2 13:35:29] The value of Progress is 60
[Debug] [2025-5-2 13:35:29] The value of Progress is 65
[Debug] [2025-5-2 13:35:29] The value of Progress is 70
[Debug] [2025-5-2 13:35:30] The value of Progress is 75
[Debug] [2025-5-2 13:35:30] The value of Progress is 80
[Debug] [2025-5-2 13:35:31] The value of Progress is 85
[Debug] [2025-5-2 13:35:31] The value of Progress is 90
[Debug] [2025-5-2 13:35:31] The value of Progress is 95
[Debug] [2025-5-2 13:35:32] The value of Progress is 100
[Debug] [2025-5-2 13:35:32] COMMAND[Program] execute successfully, takes 8.4 secs.
[Debug] [2025-5-2 13:35:32] End to send programming cmd.
[Debug] [2025-5-2 13:35:32] Log::Print : The done bit is 1
[Debug] [2025-5-2 13:35:32] Log::Print : COMMAND[Program] execute successfully, takes 8.4 secs.
[Info] [2025-5-2 13:36:26] /***************************End Configration***************************/
