[Info] [2025-5-2 13:35:05] /***************************Start jtagserver***************************/
[Info] [2025-5-2 13:35:05] Path: D:/pango/PDS_2022.2-SP6.4/bin
[Info] [2025-5-2 13:35:05] Version: 146967
[Debug] [2025-5-2 13:35:06] Add a new user_thread, socket descriptor is 128 user_thread id is 0000000000001E0C
[Debug] [2025-5-2 13:35:06] After adding, map size is : 1
[Debug] [2025-5-2 13:35:06] Add a new user_thread, socket descriptor is 884 user_thread id is 0000000000001E0C
[Debug] [2025-5-2 13:35:06] After adding, map size is : 2
[Debug] [2025-5-2 13:35:06] IP address of connecting client is : ::ffff:127.0.0.1IP address of connecting client is : ::ffff:127.0.0.1
[Debug] [2025-5-2 13:35:06] IP address of connecting client is : ::ffff:127.0.0.1IP address of connecting client is : ::ffff:127.0.0.1
[Debug] [2025-5-2 13:35:06] Remove the header data from the client, index : 0
[Debug] [2025-5-2 13:35:06] _total_bytes_size : 160
[Debug] [2025-5-2 13:35:06] Remove the header data from the client, index : 0
[Debug] [2025-5-2 13:35:06] _total_bytes_size : 96
[Debug] [2025-5-2 13:35:06] cmd id :40010cmd name : get_cable_paras
[Debug] [2025-5-2 13:35:07] cmd operation get_cable_paras releases locker
[Debug] [2025-5-2 13:35:07] Remove the header data from the client, index : 0
[Debug] [2025-5-2 13:35:07] _total_bytes_size : 101
[Debug] [2025-5-2 13:35:07] cmd id :20001cmd name : Open config cable
[Debug] [2025-5-2 13:35:08] the idcode from the scanning is: 0x603899
[Debug] [2025-5-2 13:35:08] the idcode from the scanning is: 0x0
[Debug] [2025-5-2 13:35:08] the idcode from the scanning is: 0x0
[Debug] [2025-5-2 13:35:08] the idcode from the scanning is: 0x0
[Debug] [2025-5-2 13:35:08] the idcode from the scanning is: 0x0
[Debug] [2025-5-2 13:35:08] cmd operation Open config cable releases locker
[Debug] [2025-5-2 13:35:11] Remove the header data from the client, index : 0
[Debug] [2025-5-2 13:35:11] _total_bytes_size : 378
[Debug] [2025-5-2 13:35:11] cmd id :4e22cmd name : Program
[Debug] [2025-5-2 13:35:12] the idcode from the scanning is: 0x603899
[Debug] [2025-5-2 13:35:12] the idcode from the scanning is: 0x0
[Debug] [2025-5-2 13:35:12] the idcode from the scanning is: 0x0
[Debug] [2025-5-2 13:35:12] the idcode from the scanning is: 0x0
[Debug] [2025-5-2 13:35:12] the idcode from the scanning is: 0x0
[Debug] [2025-5-2 13:35:12] begin to read back config registerregAddr is 4
[Debug] [2025-5-2 13:35:12] progress bar is 6
[Debug] [2025-5-2 13:35:13] progress bar is 10
[Debug] [2025-5-2 13:35:13] progress bar is 15
[Debug] [2025-5-2 13:35:13] progress bar is 20
[Debug] [2025-5-2 13:35:14] progress bar is 25
[Debug] [2025-5-2 13:35:14] progress bar is 30
[Debug] [2025-5-2 13:35:15] progress bar is 35
[Debug] [2025-5-2 13:35:15] progress bar is 40
[Debug] [2025-5-2 13:35:15] progress bar is 45
[Debug] [2025-5-2 13:35:16] progress bar is 50
[Debug] [2025-5-2 13:35:16] progress bar is 55
[Debug] [2025-5-2 13:35:16] progress bar is 60
[Debug] [2025-5-2 13:35:17] progress bar is 65
[Debug] [2025-5-2 13:35:17] progress bar is 70
[Debug] [2025-5-2 13:35:18] progress bar is 75
[Debug] [2025-5-2 13:35:18] progress bar is 80
[Debug] [2025-5-2 13:35:18] progress bar is 85
[Debug] [2025-5-2 13:35:19] progress bar is 90
[Debug] [2025-5-2 13:35:19] progress bar is 95
[Debug] [2025-5-2 13:35:19] progress bar is 100
[Debug] [2025-5-2 13:35:19] the value in the status register is :1572000
[Debug] [2025-5-2 13:35:20] cmd operation Program releases locker
[Debug] [2025-5-2 13:35:24] Remove the header data from the client, index : 0
[Debug] [2025-5-2 13:35:24] _total_bytes_size : 888
[Debug] [2025-5-2 13:35:24] cmd id :20002cmd name : Program
[Debug] [2025-5-2 13:35:24] the idcode from the scanning is: 0x603899
[Debug] [2025-5-2 13:35:24] the idcode from the scanning is: 0x0
[Debug] [2025-5-2 13:35:24] the idcode from the scanning is: 0x0
[Debug] [2025-5-2 13:35:24] the idcode from the scanning is: 0x0
[Debug] [2025-5-2 13:35:24] the idcode from the scanning is: 0x0
[Debug] [2025-5-2 13:35:24] begin to read back config registerregAddr is 4
[Debug] [2025-5-2 13:35:25] progress bar is 6
[Debug] [2025-5-2 13:35:25] progress bar is 10
[Debug] [2025-5-2 13:35:25] progress bar is 15
[Debug] [2025-5-2 13:35:26] progress bar is 20
[Debug] [2025-5-2 13:35:26] progress bar is 25
[Debug] [2025-5-2 13:35:26] progress bar is 30
[Debug] [2025-5-2 13:35:27] progress bar is 35
[Debug] [2025-5-2 13:35:27] progress bar is 40
[Debug] [2025-5-2 13:35:28] progress bar is 45
[Debug] [2025-5-2 13:35:28] progress bar is 50
[Debug] [2025-5-2 13:35:28] progress bar is 55
[Debug] [2025-5-2 13:35:29] progress bar is 60
[Debug] [2025-5-2 13:35:29] progress bar is 65
[Debug] [2025-5-2 13:35:29] progress bar is 70
[Debug] [2025-5-2 13:35:30] progress bar is 75
[Debug] [2025-5-2 13:35:30] progress bar is 80
[Debug] [2025-5-2 13:35:31] progress bar is 85
[Debug] [2025-5-2 13:35:31] progress bar is 90
[Debug] [2025-5-2 13:35:31] progress bar is 95
[Debug] [2025-5-2 13:35:32] progress bar is 100
[Debug] [2025-5-2 13:35:32] the value in the status register is :1572000
[Debug] [2025-5-2 13:35:32] cmd operation Program releases locker
