#Build: Fabric Compiler 2022.2-SP6.4, Build 146967, Jan 31 01:39 2024
#Install: D:\pds2022_sp6_4\PDS_2022.2-SP6.4\bin
#Application name: pds_shell.exe
#OS: Windows 10 10.0.22631
#Hostname: DESKTOP-50P54KS
Generated by Fabric Compiler (version 2022.2-SP6.4 build 146967) at Thu Feb 20 13:51:27 2025
Compiling verification operator library.
Compiling common defs.
Compiling prim grid devices.
Compiling gate devices.
Compiling gate operators.
Building architecture model.
Loading device packaging model.
Reading design from DB.
Start Generating Programming File...
Reading design from DB takes 0.406250 sec.
Generating architecture configuration.
The bitstream file is "D:/2L676demo/2L100H_676/image/4_9_HDMI_IN_DDR3_sobel/HDMI_IN_DDR3_sobel/generate_bitstream/HDMI_IN_DDR3_sobel_top.sbit"
Generate programming file takes 1.312500 sec.
Generating Programming File done.
Action gen_bit_stream: Real time elapsed is 0h:0m:17s
Action gen_bit_stream: CPU time elapsed is 0h:0m:3s
Action gen_bit_stream: Process CPU time elapsed is 0h:0m:3s
Current time: Thu Feb 20 13:51:42 2025
Action gen_bit_stream: Peak memory pool usage is 1,276 MB
