#Build: Fabric Compiler 2022.2-SP6.4, Build 146967, Jan 31 01:39 2024
#Install: D:\pango\PDS_2022.2-SP6.4\bin
#Application name: pds_shell.exe
#OS: Windows 10 10.0.14393
#Hostname: PC-20200227DQAD
Generated by Fabric Compiler (version 2022.2-SP6.4 build 146967) at Fri May  2 13:34:29 2025
Compiling verification operator library.
Compiling common defs.
Compiling prim grid devices.
Compiling gate devices.
Compiling gate operators.
Building architecture model.
Loading device packaging model.
Reading design from DB.
Start Generating Programming File...
Reading design from DB takes 1.796875 sec.
Generating architecture configuration.
The bitstream file is "D:/Downloads/pg2l200/2_Demo/3_9_HDMI_IN_DDR3_sobel/3_9_HDMI_IN_DDR3_sobel/HDMI_IN_DDR3_sobel/generate_bitstream/HDMI_IN_DDR3_sobel_top.sbit"
Generate programming file takes 19.828125 sec.
Generating Programming File done.
Action gen_bit_stream: Real time elapsed is 0h:0m:36s
Action gen_bit_stream: CPU time elapsed is 0h:0m:34s
Action gen_bit_stream: Process CPU time elapsed is 0h:0m:34s
Current time: Fri May  2 13:35:04 2025
Action gen_bit_stream: Peak memory pool usage is 2,423 MB
